<?xml version="1.0" encoding="UTF-8"?>
<!-- Generated by org.testng.reporters.JUnitReportReporter -->
<testsuite hostname="Nehas-MacBook-Air.local" failures="0" tests="5" name="testPackages.TestCase2" time="30.654" errors="0" timestamp="2021-06-19T16:07:14 AEST" skipped="0">
  <testcase classname="testPackages.TestCase2" name="Test2" time="5.002"/>
  <system-out/>
  <testcase classname="testPackages.TestCase2" name="Test2" time="4.714"/>
  <system-out/>
  <testcase classname="testPackages.TestCase2" name="Test2" time="11.174"/>
  <system-out/>
  <testcase classname="testPackages.TestCase2" name="Test2" time="4.955"/>
  <system-out/>
  <testcase classname="testPackages.TestCase2" name="Test2" time="4.809"/>
  <system-out/>
</testsuite> <!-- testPackages.TestCase2 -->
