<?xml version="1.0" encoding="UTF-8"?>
<!-- Generated by org.testng.reporters.JUnitReportReporter -->
<testsuite hostname="Nehas-MacBook-Air.local" failures="0" tests="5" name="testPackages.TestCase2" time="30.270" errors="0" timestamp="2021-06-19T17:52:48 AEST" skipped="0">
  <testcase classname="testPackages.TestCase2" name="Test2" time="4.568"/>
  <system-out/>
  <testcase classname="testPackages.TestCase2" name="Test2" time="11.190"/>
  <system-out/>
  <testcase classname="testPackages.TestCase2" name="Test2" time="4.469"/>
  <system-out/>
  <testcase classname="testPackages.TestCase2" name="Test2" time="4.732"/>
  <system-out/>
  <testcase classname="testPackages.TestCase2" name="Test2" time="5.311"/>
  <system-out/>
</testsuite> <!-- testPackages.TestCase2 -->
