<?xml version="1.0" encoding="UTF-8"?>
<!-- Generated by org.testng.reporters.JUnitReportReporter -->
<testsuite hostname="Nehas-MacBook-Air.local" failures="0" tests="5" name="testPackages.TestCase2" time="31.516" errors="0" timestamp="2021-06-19T15:16:43 AEST" skipped="0">
  <testcase classname="testPackages.TestCase2" name="Test2" time="4.740"/>
  <system-out/>
  <testcase classname="testPackages.TestCase2" name="Test2" time="11.672"/>
  <system-out/>
  <testcase classname="testPackages.TestCase2" name="Test2" time="4.784"/>
  <system-out/>
  <testcase classname="testPackages.TestCase2" name="Test2" time="4.814"/>
  <system-out/>
  <testcase classname="testPackages.TestCase2" name="Test2" time="5.506"/>
  <system-out/>
</testsuite> <!-- testPackages.TestCase2 -->
