<?xml version="1.0" encoding="UTF-8"?>
<!-- Generated by org.testng.reporters.JUnitReportReporter -->
<testsuite hostname="Nehas-MacBook-Air.local" failures="0" tests="1" name="testPackages.TestCase3" time="9.614" errors="0" timestamp="2021-06-19T16:07:14 AEST" skipped="0">
  <testcase classname="testPackages.TestCase3" name="Test3" time="9.614"/>
  <system-out/>
</testsuite> <!-- testPackages.TestCase3 -->
