<?xml version="1.0" encoding="UTF-8"?>
<!-- Generated by org.testng.reporters.JUnitReportReporter -->
<testsuite hostname="Nehas-MacBook-Air.local" failures="0" tests="5" name="testPackages.TestCase2" time="32.107" errors="0" timestamp="2021-06-19T14:31:21 AEST" skipped="0">
  <testcase classname="testPackages.TestCase2" name="Test2" time="5.268"/>
  <system-out/>
  <testcase classname="testPackages.TestCase2" name="Test2" time="4.818"/>
  <system-out/>
  <testcase classname="testPackages.TestCase2" name="Test2" time="5.228"/>
  <system-out/>
  <testcase classname="testPackages.TestCase2" name="Test2" time="5.379"/>
  <system-out/>
  <testcase classname="testPackages.TestCase2" name="Test2" time="11.414"/>
  <system-out/>
</testsuite> <!-- testPackages.TestCase2 -->
