<?xml version="1.0" encoding="UTF-8"?>
<!-- Generated by org.testng.reporters.JUnitReportReporter -->
<testsuite hostname="Nehas-MacBook-Air.local" failures="0" tests="5" name="testPackages.TestCase2" time="61.116" errors="0" timestamp="2021-06-19T23:53:14 AEST" skipped="0">
  <testcase classname="testPackages.TestCase2" name="Test2" time="6.358"/>
  <system-out/>
  <testcase classname="testPackages.TestCase2" name="Test2" time="22.740"/>
  <system-out/>
  <testcase classname="testPackages.TestCase2" name="Test2" time="15.199"/>
  <system-out/>
  <testcase classname="testPackages.TestCase2" name="Test2" time="10.518"/>
  <system-out/>
  <testcase classname="testPackages.TestCase2" name="Test2" time="6.301"/>
  <system-out/>
</testsuite> <!-- testPackages.TestCase2 -->
