<?xml version="1.0" encoding="UTF-8"?>
<!-- Generated by org.testng.reporters.JUnitReportReporter -->
<testsuite hostname="Nehas-MacBook-Air.local" failures="0" tests="1" name="testPackages.TestCase4" time="9.726" errors="0" timestamp="2021-06-19T15:16:43 AEST" skipped="0">
  <testcase classname="testPackages.TestCase4" name="Test4" time="9.726"/>
  <system-out/>
</testsuite> <!-- testPackages.TestCase4 -->
