<?xml version="1.0" encoding="UTF-8"?>
<!-- Generated by org.testng.reporters.JUnitReportReporter -->
<testsuite hostname="Nehas-MacBook-Air.local" failures="0" tests="1" name="testPackages.TestCase1" time="12.479" errors="0" timestamp="2021-06-19T15:26:31 AEST" skipped="0">
  <testcase classname="testPackages.TestCase1" name="Test1" time="12.479"/>
  <system-out/>
</testsuite> <!-- testPackages.TestCase1 -->
