<?xml version="1.0" encoding="UTF-8"?>
<!-- Generated by org.testng.reporters.JUnitReportReporter -->
<testsuite hostname="Nehas-MacBook-Air.local" failures="0" tests="5" name="testPackages.TestCase2" time="33.101" errors="0" timestamp="2021-06-19T15:57:48 AEST" skipped="0">
  <testcase classname="testPackages.TestCase2" name="Test2" time="4.711"/>
  <system-out/>
  <testcase classname="testPackages.TestCase2" name="Test2" time="4.944"/>
  <system-out/>
  <testcase classname="testPackages.TestCase2" name="Test2" time="13.618"/>
  <system-out/>
  <testcase classname="testPackages.TestCase2" name="Test2" time="4.849"/>
  <system-out/>
  <testcase classname="testPackages.TestCase2" name="Test2" time="4.979"/>
  <system-out/>
</testsuite> <!-- testPackages.TestCase2 -->
