<?xml version="1.0" encoding="UTF-8"?>
<!-- Generated by org.testng.reporters.JUnitReportReporter -->
<testsuite hostname="Nehas-MacBook-Air.local" failures="0" tests="5" name="testPackages.TestCase2" time="31.514" errors="0" timestamp="2021-06-19T15:26:31 AEST" skipped="0">
  <testcase classname="testPackages.TestCase2" name="Test2" time="11.444"/>
  <system-out/>
  <testcase classname="testPackages.TestCase2" name="Test2" time="4.868"/>
  <system-out/>
  <testcase classname="testPackages.TestCase2" name="Test2" time="4.708"/>
  <system-out/>
  <testcase classname="testPackages.TestCase2" name="Test2" time="5.328"/>
  <system-out/>
  <testcase classname="testPackages.TestCase2" name="Test2" time="5.166"/>
  <system-out/>
</testsuite> <!-- testPackages.TestCase2 -->
